<?xml version="1.0" encoding="UTF-8"?>
<!-- Generated by org.testng.reporters.JUnitReportReporter -->
<testsuite skipped="0" hostname="DESKTOP-EBV4UUH" name="ua.alexyepishev.tests.seleniumTests.suites.LoginPageTests" tests="7" failures="0" timestamp="2020-02-27T21:57:08 EET" time="15.919" errors="0">
  <testcase name="failWhenLoginWithInvalidUserCredentials" time="1.221" classname="ua.alexyepishev.tests.seleniumTests.suites.LoginPageTests"/>
  <system-out/>
  <testcase name="failWhenLoginWithInvalidUserCredentials" time="1.099" classname="ua.alexyepishev.tests.seleniumTests.suites.LoginPageTests"/>
  <system-out/>
  <testcase name="failWhenLoginWithInvalidUserCredentials" time="3.966" classname="ua.alexyepishev.tests.seleniumTests.suites.LoginPageTests"/>
  <system-out/>
  <testcase name="successfullyLoginWithValidUserCredentials" time="6.215" classname="ua.alexyepishev.tests.seleniumTests.suites.LoginPageTests"/>
  <system-out/>
  <testcase name="failWhenLoginWithInvalidUserCredentials" time="1.272" classname="ua.alexyepishev.tests.seleniumTests.suites.LoginPageTests"/>
  <system-out/>
  <testcase name="failWhenLoginWithInvalidUserCredentials" time="1.087" classname="ua.alexyepishev.tests.seleniumTests.suites.LoginPageTests"/>
  <system-out/>
  <testcase name="failWhenLoginWithInvalidUserCredentials" time="1.059" classname="ua.alexyepishev.tests.seleniumTests.suites.LoginPageTests"/>
  <system-out/>
</testsuite> <!-- ua.alexyepishev.tests.seleniumTests.suites.LoginPageTests -->
