<?xml version="1.0" encoding="UTF-8"?>
<!-- Generated by org.testng.reporters.JUnitReportReporter -->
<testsuite skipped="0" hostname="DESKTOP-EBV4UUH" name="ua.alexyepishev.tests.seleniumTests.suites.user_profile.MyTestSuite2" tests="1" failures="0" timestamp="2020-02-27T21:57:08 EET" time="0.019" errors="0">
  <testcase name="myTest" time="0.019" classname="ua.alexyepishev.tests.seleniumTests.suites.user_profile.MyTestSuite2"/>
  <system-out/>
</testsuite> <!-- ua.alexyepishev.tests.seleniumTests.suites.user_profile.MyTestSuite2 -->
